<?xml version="1.0" encoding="UTF-8"?>
<testng-results ignored="0" total="2" passed="2" failed="0" skipped="0">
  <reporter-output>
  </reporter-output>
  <suite started-at="2023-02-03T23:21:08 IST" name="Suite" finished-at="2023-02-03T23:21:08 IST" duration-ms="87">
    <groups>
    </groups>
    <test started-at="2023-02-03T23:21:08 IST" name="Test" finished-at="2023-02-03T23:21:08 IST" duration-ms="87">
      <class name="xyz.PassFail">
        <test-method signature="testA()[pri:0, instance:xyz.PassFail@10959ece]" started-at="2023-02-03T23:21:08 IST" name="testA" finished-at="2023-02-03T23:21:08 IST" duration-ms="11" status="PASS">
          <reporter-output>
          </reporter-output>
        </test-method> <!-- testA -->
        <test-method signature="testB()[pri:0, instance:xyz.PassFail@10959ece]" started-at="2023-02-03T23:21:08 IST" name="testB" finished-at="2023-02-03T23:21:08 IST" duration-ms="5" status="PASS">
          <reporter-output>
          </reporter-output>
        </test-method> <!-- testB -->
      </class> <!-- xyz.PassFail -->
    </test> <!-- Test -->
  </suite> <!-- Suite -->
</testng-results>
